000 (040.000.000) 2026-02-24 16:08:32 Job submitted from host: <130.192.254.65:9618?addrs=130.192.254.65-9618&alias=PCPEM51677&noUDP&sock=schedd_2854_2f62>
...
040 (040.000.000) 2026-02-24 16:08:34 Started transferring input files
	Transferring to host: <130.192.254.65:9618?addrs=130.192.254.65-9618&alias=PCPEM51677&noUDP&sock=slot1_1_2922_9030_1>
...
040 (040.000.000) 2026-02-24 16:08:34 Finished transferring input files
...
001 (040.000.000) 2026-02-24 16:08:35 Job executing on host: <130.192.254.65:9618?addrs=130.192.254.65-9618&alias=PCPEM51677&noUDP&sock=startd_2854_2f62>
	SlotName: slot1_1@PCPEM51677
	AvailableGPUs = {  }
	CondorScratchDir = "/var/lib/condor/execute/dir_3404578"
	Cpus = 1
	Disk = 1052031
	GPUs = 0
	Memory = 512
...
006 (040.000.000) 2026-02-24 16:08:35 Image size of job updated: 104
	0  -  MemoryUsage of job (MB)
	0  -  ResidentSetSize of job (KB)
...
040 (040.000.000) 2026-02-24 16:08:35 Started transferring output files
...
040 (040.000.000) 2026-02-24 16:08:35 Finished transferring output files
...
005 (040.000.000) 2026-02-24 16:08:35 Job terminated.
	(1) Normal termination (return value 127)
		Usr 0 00:00:00, Sys 0 00:00:00  -  Run Remote Usage
		Usr 0 00:00:00, Sys 0 00:00:00  -  Run Local Usage
		Usr 0 00:00:00, Sys 0 00:00:00  -  Total Remote Usage
		Usr 0 00:00:00, Sys 0 00:00:00  -  Total Local Usage
	117  -  Run Bytes Sent By Job
	135  -  Run Bytes Received By Job
	117  -  Total Bytes Sent By Job
	135  -  Total Bytes Received By Job
	Partitionable Resources :    Usage  Request Allocated 
	   Cpus                 :        0        1         1 
	   Disk (KB)            :       15  1048576   1052031 
	   GPUs                 :                           0 
	   Memory (MB)          :        0      512       512 
	   TimeExecute (s)      :        0                    
	   TimeSlotBusy (s)     :        1                    
...
000 (041.000.000) 2026-02-24 16:19:19 Job submitted from host: <130.192.254.65:9618?addrs=130.192.254.65-9618&alias=PCPEM51677&noUDP&sock=schedd_2854_2f62>
...
040 (041.000.000) 2026-02-24 16:19:27 Started transferring input files
	Transferring to host: <130.192.254.65:9618?addrs=130.192.254.65-9618&alias=PCPEM51677&noUDP&sock=slot1_1_2922_9030_2>
...
040 (041.000.000) 2026-02-24 16:19:27 Finished transferring input files
...
001 (041.000.000) 2026-02-24 16:19:28 Job executing on host: <130.192.254.65:9618?addrs=130.192.254.65-9618&alias=PCPEM51677&noUDP&sock=startd_2854_2f62>
	SlotName: slot1_1@PCPEM51677
	AvailableGPUs = {  }
	CondorScratchDir = "/var/lib/condor/execute/dir_3404916"
	Cpus = 1
	Disk = 1052031
	GPUs = 0
	Memory = 512
...
006 (041.000.000) 2026-02-24 16:19:28 Image size of job updated: 96
	0  -  MemoryUsage of job (MB)
	0  -  ResidentSetSize of job (KB)
...
040 (041.000.000) 2026-02-24 16:19:28 Started transferring output files
...
040 (041.000.000) 2026-02-24 16:19:28 Finished transferring output files
...
005 (041.000.000) 2026-02-24 16:19:28 Job terminated.
	(1) Normal termination (return value 127)
		Usr 0 00:00:00, Sys 0 00:00:00  -  Run Remote Usage
		Usr 0 00:00:00, Sys 0 00:00:00  -  Run Local Usage
		Usr 0 00:00:00, Sys 0 00:00:00  -  Total Remote Usage
		Usr 0 00:00:00, Sys 0 00:00:00  -  Total Local Usage
	117  -  Run Bytes Sent By Job
	153  -  Run Bytes Received By Job
	117  -  Total Bytes Sent By Job
	153  -  Total Bytes Received By Job
	Partitionable Resources :    Usage  Request Allocated 
	   Cpus                 :        0        1         1 
	   Disk (KB)            :       15  1048576   1052031 
	   GPUs                 :                           0 
	   Memory (MB)          :        0      512       512 
	   TimeExecute (s)      :        0                    
	   TimeSlotBusy (s)     :        1                    
...
000 (042.000.000) 2026-02-24 16:21:07 Job submitted from host: <130.192.254.65:9618?addrs=130.192.254.65-9618&alias=PCPEM51677&noUDP&sock=schedd_2854_2f62>
...
040 (042.000.000) 2026-02-24 16:21:12 Started transferring input files
	Transferring to host: <130.192.254.65:9618?addrs=130.192.254.65-9618&alias=PCPEM51677&noUDP&sock=slot1_1_2922_9030_3>
...
040 (042.000.000) 2026-02-24 16:21:12 Finished transferring input files
...
001 (042.000.000) 2026-02-24 16:21:13 Job executing on host: <130.192.254.65:9618?addrs=130.192.254.65-9618&alias=PCPEM51677&noUDP&sock=startd_2854_2f62>
	SlotName: slot1_1@PCPEM51677
	AvailableGPUs = {  }
	CondorScratchDir = "/var/lib/condor/execute/dir_3405052"
	Cpus = 1
	Disk = 1052031
	GPUs = 0
	Memory = 512
...
006 (042.000.000) 2026-02-24 16:21:13 Image size of job updated: 100
	0  -  MemoryUsage of job (MB)
	0  -  ResidentSetSize of job (KB)
...
040 (042.000.000) 2026-02-24 16:21:13 Started transferring output files
...
040 (042.000.000) 2026-02-24 16:21:13 Finished transferring output files
...
005 (042.000.000) 2026-02-24 16:21:13 Job terminated.
	(1) Normal termination (return value 127)
		Usr 0 00:00:00, Sys 0 00:00:00  -  Run Remote Usage
		Usr 0 00:00:00, Sys 0 00:00:00  -  Run Local Usage
		Usr 0 00:00:00, Sys 0 00:00:00  -  Total Remote Usage
		Usr 0 00:00:00, Sys 0 00:00:00  -  Total Local Usage
	117  -  Run Bytes Sent By Job
	153  -  Run Bytes Received By Job
	117  -  Total Bytes Sent By Job
	153  -  Total Bytes Received By Job
	Partitionable Resources :    Usage  Request Allocated 
	   Cpus                 :        0        1         1 
	   Disk (KB)            :       15  1048576   1052031 
	   GPUs                 :                           0 
	   Memory (MB)          :        0      512       512 
	   TimeExecute (s)      :        0                    
	   TimeSlotBusy (s)     :        1                    
...
000 (043.000.000) 2026-02-24 16:30:37 Job submitted from host: <130.192.254.65:9618?addrs=130.192.254.65-9618&alias=PCPEM51677&noUDP&sock=schedd_2854_2f62>
...
040 (043.000.000) 2026-02-24 16:30:44 Started transferring input files
	Transferring to host: <130.192.254.65:9618?addrs=130.192.254.65-9618&alias=PCPEM51677&noUDP&sock=slot1_1_2922_9030_4>
...
040 (043.000.000) 2026-02-24 16:30:44 Finished transferring input files
...
001 (043.000.000) 2026-02-24 16:30:45 Job executing on host: <130.192.254.65:9618?addrs=130.192.254.65-9618&alias=PCPEM51677&noUDP&sock=startd_2854_2f62>
	SlotName: slot1_1@PCPEM51677
	AvailableGPUs = {  }
	CondorScratchDir = "/var/lib/condor/execute/dir_3405355"
	Cpus = 1
	Disk = 1052031
	GPUs = 0
	Memory = 512
...
006 (043.000.000) 2026-02-24 16:30:45 Image size of job updated: 100
	0  -  MemoryUsage of job (MB)
	0  -  ResidentSetSize of job (KB)
...
040 (043.000.000) 2026-02-24 16:30:45 Started transferring output files
...
040 (043.000.000) 2026-02-24 16:30:45 Finished transferring output files
...
005 (043.000.000) 2026-02-24 16:30:45 Job terminated.
	(1) Normal termination (return value 127)
		Usr 0 00:00:00, Sys 0 00:00:00  -  Run Remote Usage
		Usr 0 00:00:00, Sys 0 00:00:00  -  Run Local Usage
		Usr 0 00:00:00, Sys 0 00:00:00  -  Total Remote Usage
		Usr 0 00:00:00, Sys 0 00:00:00  -  Total Local Usage
	117  -  Run Bytes Sent By Job
	153  -  Run Bytes Received By Job
	117  -  Total Bytes Sent By Job
	153  -  Total Bytes Received By Job
	Partitionable Resources :    Usage  Request Allocated 
	   Cpus                 :        0        1         1 
	   Disk (KB)            :       15  1048576   1052031 
	   GPUs                 :                           0 
	   Memory (MB)          :        0      512       512 
	   TimeExecute (s)      :        0                    
	   TimeSlotBusy (s)     :        1                    
...
000 (044.000.000) 2026-02-24 16:32:45 Job submitted from host: <130.192.254.65:9618?addrs=130.192.254.65-9618&alias=PCPEM51677&noUDP&sock=schedd_2854_2f62>
...
040 (044.000.000) 2026-02-24 16:32:56 Started transferring input files
	Transferring to host: <130.192.254.65:9618?addrs=130.192.254.65-9618&alias=PCPEM51677&noUDP&sock=slot1_1_2922_9030_5>
...
040 (044.000.000) 2026-02-24 16:32:56 Finished transferring input files
...
001 (044.000.000) 2026-02-24 16:32:57 Job executing on host: <130.192.254.65:9618?addrs=130.192.254.65-9618&alias=PCPEM51677&noUDP&sock=startd_2854_2f62>
	SlotName: slot1_1@PCPEM51677
	AvailableGPUs = {  }
	CondorScratchDir = "/var/lib/condor/execute/dir_3405430"
	Cpus = 1
	Disk = 1052031
	GPUs = 0
	Memory = 512
...
006 (044.000.000) 2026-02-24 16:32:57 Image size of job updated: 100
	0  -  MemoryUsage of job (MB)
	0  -  ResidentSetSize of job (KB)
...
040 (044.000.000) 2026-02-24 16:32:57 Started transferring output files
...
040 (044.000.000) 2026-02-24 16:32:57 Finished transferring output files
...
005 (044.000.000) 2026-02-24 16:32:57 Job terminated.
	(1) Normal termination (return value 0)
		Usr 0 00:00:00, Sys 0 00:00:00  -  Run Remote Usage
		Usr 0 00:00:00, Sys 0 00:00:00  -  Run Local Usage
		Usr 0 00:00:00, Sys 0 00:00:00  -  Total Remote Usage
		Usr 0 00:00:00, Sys 0 00:00:00  -  Total Local Usage
	69  -  Run Bytes Sent By Job
	187  -  Run Bytes Received By Job
	69  -  Total Bytes Sent By Job
	187  -  Total Bytes Received By Job
	Partitionable Resources :    Usage  Request Allocated 
	   Cpus                 :                 1         1 
	   Disk (KB)            :       10  1048576   1052031 
	   GPUs                 :                           0 
	   Memory (MB)          :        0      512       512 
	   TimeExecute (s)      :        0                    
	   TimeSlotBusy (s)     :        2                    
...
